### [bt]: This is batchtools v0.9.17
### [bt]: Starting calculation of 1 jobs
### [bt]: Setting working directory to '/home/simon/Documents/VCM-Experiments'
Loading required package: dplyr

Attaching package: ‘dplyr’

The following objects are masked from ‘package:stats’:

    filter, lag

The following objects are masked from ‘package:base’:

    intersect, setdiff, setequal, union

Loading required package: magrittr
### [bt]: Memory measurement disabled
### [bt]: Starting job [batchtools job.id=9]
### [bt]: Generating problem instance for problem 'synthetic' ...
### [bt]: Applying algorithm 'LSVCMM' on problem 'synthetic' for job 9 (seed = 10) ...
[VCMM] Initializing data and models ...done.
[VCMM] Setting kernel scale to 2.83092 (Iteration 1/20)...done.
[VCMM] Computing Lipschitz constants ...done. (La=0, Lb=0.264066)
[VCMM] Computing maximum regularization parameter 
       done. (lambda max: 0.0181273)
[VCMM] Starting lambda loop ...
0%   10   20   30   40   50   60   70   80   90   100%
[----|----|----|----|----|----|----|----|----|----|
**************************************************|
       ... done.
[VCMM] Setting kernel scale to 2.22159 (Iteration 2/20)...done.
[VCMM] Computing Lipschitz constants ...done. (La=0, Lb=0.333902)
[VCMM] Computing maximum regularization parameter 
       done. (lambda max: 0.023101)
[VCMM] Starting lambda loop ...
0%   10   20   30   40   50   60   70   80   90   100%
[----|----|----|----|----|----|----|----|----|----|
**************************************************|
       ... done.
[VCMM] Setting kernel scale to 1.74342 (Iteration 3/20)...done.
[VCMM] Computing Lipschitz constants ...done. (La=0, Lb=0.416054)
[VCMM] Computing maximum regularization parameter 
       done. (lambda max: 0.0294397)
[VCMM] Starting lambda loop ...
0%   10   20   30   40   50   60   70   80   90   100%
[----|----|----|----|----|----|----|----|----|----|
**************************************************|
       ... done.
[VCMM] Setting kernel scale to 1.36816 (Iteration 4/20)...done.
[VCMM] Computing Lipschitz constants ...done. (La=0, Lb=0.524873)
[VCMM] Computing maximum regularization parameter 
       done. (lambda max: 0.0375353)
[VCMM] Starting lambda loop ...
0%   10   20   30   40   50   60   70   80   90   100%
[----|----|----|----|----|----|----|----|----|----|
**************************************************|
       ... done.
[VCMM] Setting kernel scale to 1.07368 (Iteration 5/20)...done.
[VCMM] Computing Lipschitz constants ...done. (La=0, Lb=0.641477)
[VCMM] Computing maximum regularization parameter 
       done. (lambda max: 0.0478107)
[VCMM] Starting lambda loop ...
0%   10   20   30   40   50   60   70   80   90   100%
[----|----|----|----|----|----|----|----|----|----|
**************************************************|
       ... done.
[VCMM] Setting kernel scale to 0.842581 (Iteration 6/20)...done.
[VCMM] Computing Lipschitz constants ...done. (La=0, Lb=0.777557)
[VCMM] Computing maximum regularization parameter 
       done. (lambda max: 0.0607938)
[VCMM] Starting lambda loop ...
0%   10   20   30   40   50   60   70   80   90   100%
[----|----|----|----|----|----|----|----|----|----|
**************************************************|
       ... done.
[VCMM] Setting kernel scale to 0.661224 (Iteration 7/20)...done.
[VCMM] Computing Lipschitz constants ...done. (La=0, Lb=0.926613)
[VCMM] Computing maximum regularization parameter 
       done. (lambda max: 0.0769919)
[VCMM] Starting lambda loop ...
0%   10   20   30   40   50   60   70   80   90   100%
[----|----|----|----|----|----|----|----|----|----|
**************************************************|
       ... done.
[VCMM] Setting kernel scale to 0.518902 (Iteration 8/20)...done.
[VCMM] Computing Lipschitz constants ...done. (La=0, Lb=1.05306)
[VCMM] Computing maximum regularization parameter 
       done. (lambda max: 0.0966246)
[VCMM] Starting lambda loop ...
0%   10   20   30   40   50   60   70   80   90   100%
[----|----|----|----|----|----|----|----|----|----|
**************************************************|
       ... done.
[VCMM] Setting kernel scale to 0.407214 (Iteration 9/20)...done.
[VCMM] Computing Lipschitz constants ...done. (La=0, Lb=1.14217)
[VCMM] Computing maximum regularization parameter 
       done. (lambda max: 0.119337)
[VCMM] Starting lambda loop ...
0%   10   20   30   40   50   60   70   80   90   100%
[----|----|----|----|----|----|----|----|----|----|
**************************************************|
       ... done.
[VCMM] Setting kernel scale to 0.319565 (Iteration 10/20)...done.
[VCMM] Computing Lipschitz constants ...done. (La=0, Lb=1.18241)
[VCMM] Computing maximum regularization parameter 
       done. (lambda max: 0.143849)
[VCMM] Starting lambda loop ...
0%   10   20   30   40   50   60   70   80   90   100%
[----|----|----|----|----|----|----|----|----|----|
**************************************************|
       ... done.
[VCMM] Setting kernel scale to 0.250782 (Iteration 11/20)...done.
[VCMM] Computing Lipschitz constants ...done. (La=0, Lb=1.22589)
[VCMM] Computing maximum regularization parameter 
       done. (lambda max: 0.167972)
[VCMM] Starting lambda loop ...
0%   10   20   30   40   50   60   70   80   90   100%
[----|----|----|----|----|----|----|----|----|----|
**************************************************|
       ... done.
[VCMM] Setting kernel scale to 0.196803 (Iteration 12/20)...done.
[VCMM] Computing Lipschitz constants ...done. (La=0, Lb=1.26557)
[VCMM] Computing maximum regularization parameter 
       done. (lambda max: 0.189376)
[VCMM] Starting lambda loop ...
0%   10   20   30   40   50   60   70   80   90   100%
[----|----|----|----|----|----|----|----|----|----|
**************************************************|
       ... done.
[VCMM] Setting kernel scale to 0.154443 (Iteration 13/20)...done.
[VCMM] Computing Lipschitz constants ...done. (La=0, Lb=1.32444)
[VCMM] Computing maximum regularization parameter 
       done. (lambda max: 0.206858)
[VCMM] Starting lambda loop ...
0%   10   20   30   40   50   60   70   80   90   100%
[----|----|----|----|----|----|----|----|----|----|
**************************************************|
       ... done.
[VCMM] Setting kernel scale to 0.121201 (Iteration 14/20)...done.
[VCMM] Computing Lipschitz constants ...done. (La=0, Lb=1.34634)
[VCMM] Computing maximum regularization parameter 
       done. (lambda max: 0.221289)
[VCMM] Starting lambda loop ...
0%   10   20   30   40   50   60   70   80   90   100%
[----|----|----|----|----|----|----|----|----|----|
**************************************************|
       ... done.
[VCMM] Setting kernel scale to 0.0951137 (Iteration 15/20)...done.
[VCMM] Computing Lipschitz constants ...done. (La=0, Lb=1.38102)
[VCMM] Computing maximum regularization parameter 
       done. (lambda max: 0.234822)
[VCMM] Starting lambda loop ...
0%   10   20   30   40   50   60   70   80   90   100%
[----|----|----|----|----|----|----|----|----|----|
**************************************************|
       ... done.
[VCMM] Setting kernel scale to 0.0746415 (Iteration 16/20)...done.
[VCMM] Computing Lipschitz constants ...done. (La=0, Lb=1.39216)
[VCMM] Computing maximum regularization parameter 
       done. (lambda max: 0.250903)
[VCMM] Starting lambda loop ...
0%   10   20   30   40   50   60   70   80   90   100%
[----|----|----|----|----|----|----|----|----|----|
**************************************************|
       ... done.
[VCMM] Setting kernel scale to 0.0585756 (Iteration 17/20)...done.
[VCMM] Computing Lipschitz constants ...done. (La=0, Lb=1.48596)
[VCMM] Computing maximum regularization parameter 
       done. (lambda max: 0.279434)
[VCMM] Starting lambda loop ...
0%   10   20   30   40   50   60   70   80   90   100%
[----|----|----|----|----|----|----|----|----|----|
**************************************************|
       ... done.
[VCMM] Setting kernel scale to 0.0459678 (Iteration 18/20)...done.
[VCMM] Computing Lipschitz constants ...done. (La=0, Lb=1.74535)
[VCMM] Computing maximum regularization parameter 
       done. (lambda max: 0.335142)
[VCMM] Starting lambda loop ...
0%   10   20   30   40   50   60   70   80   90   100%
[----|----|----|----|----|----|----|----|----|----|
**************************************************|
       ... done.
[VCMM] Setting kernel scale to 0.0360737 (Iteration 19/20)...done.
[VCMM] Computing Lipschitz constants ...done. (La=0, Lb=2.18938)
[VCMM] Computing maximum regularization parameter 
       done. (lambda max: 0.422236)
[VCMM] Starting lambda loop ...
0%   10   20   30   40   50   60   70   80   90   100%
[----|----|----|----|----|----|----|----|----|----|
**************************************************|
       ... done.
[VCMM] Setting kernel scale to 0.0283092 (Iteration 20/20)...done.
[VCMM] Computing Lipschitz constants ...done. (La=0, Lb=2.78745)
[VCMM] Computing maximum regularization parameter 
       done. (lambda max: 0.537674)
[VCMM] Starting lambda loop ...
0%   10   20   30   40   50   60   70   80   90   100%
[----|----|----|----|----|----|----|----|----|----|
**************************************************|
       ... done.
[VCMMBoot] Initializing data and models ...done.
[VCMMBoot] Starting bootstrap loop ...
0%   10   20   30   40   50   60   70   80   90   100%
[----|----|----|----|----|----|----|----|----|----|
**************************************************|
done.

### [bt]: Job terminated successfully [batchtools job.id=9]
### [bt]: Calculation finished!
