### [bt]: This is batchtools v0.9.17
### [bt]: Starting calculation of 1 jobs
### [bt]: Setting working directory to '/home/simon/Documents/VCM-Experiments'
### [bt]: Memory measurement disabled
### [bt]: Starting job [batchtools job.id=343]
### [bt]: Generating problem instance for problem 'synthetic' ...
### [bt]: Applying algorithm 'LSVCMM' on problem 'synthetic' for job 343 (seed = 344) ...
[VCMM] Initializing data and models ...done.
[VCMM] Computing penalty weights for adaptive SGL ...done.
[VCMM] Setting kernel scale to 2.67215 (Iteration 1/20)...done.
[VCMM] Computing Lipschitz constants ...done. (La=0, Lb=0.00995873)
[VCMM] Computing penalty weights for adaptive SGL ...done.
[VCMM] Computing maximum regularization parameter 
       done. (lambda max: 0.00057677)
[VCMM] Starting lambda loop ...
0%   10   20   30   40   50   60   70   80   90   100%
[----|----|----|----|----|----|----|----|----|----|
**************************************************|
       ... done.
[VCMM] Setting kernel scale to 2.097 (Iteration 2/20)...done.
[VCMM] Computing Lipschitz constants ...done. (La=0, Lb=0.0126491)
[VCMM] Computing penalty weights for adaptive SGL ...done.
[VCMM] Computing maximum regularization parameter 
       done. (lambda max: 0.00138409)
[VCMM] Starting lambda loop ...
0%   10   20   30   40   50   60   70   80   90   100%
[----|----|----|----|----|----|----|----|----|----|
**************************************************|
       ... done.
[VCMM] Setting kernel scale to 1.64564 (Iteration 3/20)...done.
[VCMM] Computing Lipschitz constants ...done. (La=0, Lb=0.0170455)
[VCMM] Computing penalty weights for adaptive SGL ...done.
[VCMM] Computing maximum regularization parameter 
       done. (lambda max: 0.00342131)
[VCMM] Starting lambda loop ...
0%   10   20   30   40   50   60   70   80   90   100%
[----|----|----|----|----|----|----|----|----|----|
**************************************************|
       ... done.
[VCMM] Setting kernel scale to 1.29143 (Iteration 4/20)...done.
[VCMM] Computing Lipschitz constants ...done. (La=0, Lb=0.0244972)
[VCMM] Computing penalty weights for adaptive SGL ...done.
[VCMM] Computing maximum regularization parameter 
       done. (lambda max: 0.00809421)
[VCMM] Starting lambda loop ...
0%   10   20   30   40   50   60   70   80   90   100%
[----|----|----|----|----|----|----|----|----|----|
**************************************************|
       ... done.
[VCMM] Setting kernel scale to 1.01346 (Iteration 5/20)...done.
[VCMM] Computing Lipschitz constants ...done. (La=0, Lb=0.0406434)
[VCMM] Computing penalty weights for adaptive SGL ...done.
[VCMM] Computing maximum regularization parameter 
       done. (lambda max: 0.0167081)
[VCMM] Starting lambda loop ...
0%   10   20   30   40   50   60   70   80   90   100%
[----|----|----|----|----|----|----|----|----|----|
**************************************************|
       ... done.
[VCMM] Setting kernel scale to 0.795326 (Iteration 6/20)...done.
[VCMM] Computing Lipschitz constants ...done. (La=0, Lb=0.0771787)
[VCMM] Computing penalty weights for adaptive SGL ...done.
[VCMM] Computing maximum regularization parameter 
       done. (lambda max: 0.0294486)
[VCMM] Starting lambda loop ...
0%   10   20   30   40   50   60   70   80   90   100%
[----|----|----|----|----|----|----|----|----|----|
**************************************************|
       ... done.
[VCMM] Setting kernel scale to 0.62414 (Iteration 7/20)...done.
[VCMM] Computing Lipschitz constants ...done. (La=0, Lb=0.150383)
[VCMM] Computing penalty weights for adaptive SGL ...done.
[VCMM] Computing maximum regularization parameter 
       done. (lambda max: 0.0465546)
[VCMM] Starting lambda loop ...
0%   10   20   30   40   50   60   70   80   90   100%
[----|----|----|----|----|----|----|----|----|----|
**************************************************|
       ... done.
[VCMM] Setting kernel scale to 0.4898 (Iteration 8/20)...done.
[VCMM] Computing Lipschitz constants ...done. (La=0, Lb=0.269725)
[VCMM] Computing penalty weights for adaptive SGL ...done.
[VCMM] Computing maximum regularization parameter 
       done. (lambda max: 0.0701855)
[VCMM] Starting lambda loop ...
0%   10   20   30   40   50   60   70   80   90   100%
[----|----|----|----|----|----|----|----|----|----|
**************************************************|
       ... done.
[VCMM] Setting kernel scale to 0.384375 (Iteration 9/20)...done.
[VCMM] Computing Lipschitz constants ...done. (La=0, Lb=0.434551)
[VCMM] Computing penalty weights for adaptive SGL ...done.
[VCMM] Computing maximum regularization parameter 
       done. (lambda max: 0.10189)
[VCMM] Starting lambda loop ...
0%   10   20   30   40   50   60   70   80   90   100%
[----|----|----|----|----|----|----|----|----|----|
**************************************************|
       ... done.
[VCMM] Setting kernel scale to 0.301642 (Iteration 10/20)...done.
[VCMM] Computing Lipschitz constants ...done. (La=0, Lb=0.638008)
[VCMM] Computing penalty weights for adaptive SGL ...done.
[VCMM] Computing maximum regularization parameter 
       done. (lambda max: 0.137051)
[VCMM] Starting lambda loop ...
0%   10   20   30   40   50   60   70   80   90   100%
[----|----|----|----|----|----|----|----|----|----|
**************************************************|
       ... done.
[VCMM] Setting kernel scale to 0.236717 (Iteration 11/20)...done.
[VCMM] Computing Lipschitz constants ...done. (La=0, Lb=0.858791)
[VCMM] Computing penalty weights for adaptive SGL ...done.
[VCMM] Computing maximum regularization parameter 
       done. (lambda max: 0.185907)
[VCMM] Starting lambda loop ...
0%   10   20   30   40   50   60   70   80   90   100%
[----|----|----|----|----|----|----|----|----|----|
**************************************************|
       ... done.
[VCMM] Setting kernel scale to 0.185766 (Iteration 12/20)...done.
[VCMM] Computing Lipschitz constants ...done. (La=0, Lb=1.06987)
[VCMM] Computing penalty weights for adaptive SGL ...done.
[VCMM] Computing maximum regularization parameter 
       done. (lambda max: 0.234456)
[VCMM] Starting lambda loop ...
0%   10   20   30   40   50   60   70   80   90   100%
[----|----|----|----|----|----|----|----|----|----|
**************************************************|
       ... done.
[VCMM] Setting kernel scale to 0.145782 (Iteration 13/20)...done.
[VCMM] Computing Lipschitz constants ...done. (La=0, Lb=1.24997)
[VCMM] Computing penalty weights for adaptive SGL ...done.
[VCMM] Computing maximum regularization parameter 
       done. (lambda max: 0.277681)
[VCMM] Starting lambda loop ...
0%   10   20   30   40   50   60   70   80   90   100%
[----|----|----|----|----|----|----|----|----|----|
**************************************************|
       ... done.
[VCMM] Setting kernel scale to 0.114404 (Iteration 14/20)...done.
[VCMM] Computing Lipschitz constants ...done. (La=0, Lb=1.42525)
[VCMM] Computing penalty weights for adaptive SGL ...done.
[VCMM] Computing maximum regularization parameter 
       done. (lambda max: 0.315734)
[VCMM] Starting lambda loop ...
0%   10   20   30   40   50   60   70   80   90   100%
[----|----|----|----|----|----|----|----|----|----|
**************************************************|
       ... done.
[VCMM] Setting kernel scale to 0.0897794 (Iteration 15/20)...done.
[VCMM] Computing Lipschitz constants ...done. (La=0, Lb=1.55597)
[VCMM] Computing penalty weights for adaptive SGL ...done.
[VCMM] Computing maximum regularization parameter 
       done. (lambda max: 0.350268)
[VCMM] Starting lambda loop ...
0%   10   20   30   40   50   60   70   80   90   100%
[----|----|----|----|----|----|----|----|----|----|
**************************************************|
       ... done.
[VCMM] Setting kernel scale to 0.0704553 (Iteration 16/20)...done.
[VCMM] Computing Lipschitz constants ...done. (La=0, Lb=1.73195)
[VCMM] Computing penalty weights for adaptive SGL ...done.
[VCMM] Computing maximum regularization parameter 
       done. (lambda max: 0.391238)
[VCMM] Starting lambda loop ...
0%   10   20   30   40   50   60   70   80   90   100%
[----|----|----|----|----|----|----|----|----|----|
**************************************************|
       ... done.
[VCMM] Setting kernel scale to 0.0552905 (Iteration 17/20)...done.
[VCMM] Computing Lipschitz constants ...done. (La=0, Lb=2.05259)
[VCMM] Computing penalty weights for adaptive SGL ...done.
[VCMM] Computing maximum regularization parameter 
       done. (lambda max: 0.4639)
[VCMM] Starting lambda loop ...
0%   10   20   30   40   50   60   70   80   90   100%
[----|----|----|----|----|----|----|----|----|----|
**************************************************|
       ... done.
[VCMM] Setting kernel scale to 0.0433897 (Iteration 18/20)...done.
[VCMM] Computing Lipschitz constants ...done. (La=0, Lb=2.63932)
[VCMM] Computing penalty weights for adaptive SGL ...done.
[VCMM] Computing maximum regularization parameter 
       done. (lambda max: 0.590058)
[VCMM] Starting lambda loop ...
0%   10   20   30   40   50   60   70   80   90   100%
[----|----|----|----|----|----|----|----|----|----|
**************************************************|
       ... done.
[VCMM] Setting kernel scale to 0.0340505 (Iteration 19/20)...done.
[VCMM] Computing Lipschitz constants ...done. (La=0, Lb=3.41841)
[VCMM] Computing penalty weights for adaptive SGL ...done.
[VCMM] Computing maximum regularization parameter 
       done. (lambda max: 0.762963)
[VCMM] Starting lambda loop ...
0%   10   20   30   40   50   60   70   80   90   100%
[----|----|----|----|----|----|----|----|----|----|
**************************************************|
       ... done.
[VCMM] Setting kernel scale to 0.0267215 (Iteration 20/20)...done.
[VCMM] Computing Lipschitz constants ...done. (La=0, Lb=4.33428)
[VCMM] Computing penalty weights for adaptive SGL ...done.
[VCMM] Computing maximum regularization parameter 
       done. (lambda max: 0.976977)
[VCMM] Starting lambda loop ...
0%   10   20   30   40   50   60   70   80   90   100%
[----|----|----|----|----|----|----|----|----|----|
**************************************************|
       ... done.
[VCMMBoot] Initializing data and models ...done.
[VCMMBoot] Starting bootstrap loop ...
0%   10   20   30   40   50   60   70   80   90   100%
[----|----|----|----|----|----|----|----|----|----|
**************************************************|
done.

### [bt]: Job terminated successfully [batchtools job.id=343]
### [bt]: Calculation finished!
