### [bt]: This is batchtools v0.9.17
### [bt]: Starting calculation of 1 jobs
### [bt]: Setting working directory to '/home/simon/Documents/VCM-Experiments'
### [bt]: Memory measurement disabled
### [bt]: Starting job [batchtools job.id=326]
### [bt]: Generating problem instance for problem 'synthetic' ...
### [bt]: Applying algorithm 'LSVCMM' on problem 'synthetic' for job 326 (seed = 327) ...
[VCMM] Initializing data and models ...done.
[VCMM] Computing penalty weights for adaptive SGL ...done.
[VCMM] Setting kernel scale to 2.67215 (Iteration 1/20)...done.
[VCMM] Computing Lipschitz constants ...done. (La=0, Lb=0.00961252)
[VCMM] Computing penalty weights for adaptive SGL ...done.
[VCMM] Computing maximum regularization parameter 
       done. (lambda max: 0.00164346)
[VCMM] Starting lambda loop ...
0%   10   20   30   40   50   60   70   80   90   100%
[----|----|----|----|----|----|----|----|----|----|
**************************************************|
       ... done.
[VCMM] Setting kernel scale to 2.097 (Iteration 2/20)...done.
[VCMM] Computing Lipschitz constants ...done. (La=0, Lb=0.0123531)
[VCMM] Computing penalty weights for adaptive SGL ...done.
[VCMM] Computing maximum regularization parameter 
       done. (lambda max: 0.00324099)
[VCMM] Starting lambda loop ...
0%   10   20   30   40   50   60   70   80   90   100%
[----|----|----|----|----|----|----|----|----|----|
**************************************************|
       ... done.
[VCMM] Setting kernel scale to 1.64564 (Iteration 3/20)...done.
[VCMM] Computing Lipschitz constants ...done. (La=0, Lb=0.0163209)
[VCMM] Computing penalty weights for adaptive SGL ...done.
[VCMM] Computing maximum regularization parameter 
       done. (lambda max: 0.006925)
[VCMM] Starting lambda loop ...
0%   10   20   30   40   50   60   70   80   90   100%
[----|----|----|----|----|----|----|----|----|----|
**************************************************|
       ... done.
[VCMM] Setting kernel scale to 1.29143 (Iteration 4/20)...done.
[VCMM] Computing Lipschitz constants ...done. (La=0, Lb=0.0236684)
[VCMM] Computing penalty weights for adaptive SGL ...done.
[VCMM] Computing maximum regularization parameter 
       done. (lambda max: 0.0150054)
[VCMM] Starting lambda loop ...
0%   10   20   30   40   50   60   70   80   90   100%
[----|----|----|----|----|----|----|----|----|----|
**************************************************|
       ... done.
[VCMM] Setting kernel scale to 1.01346 (Iteration 5/20)...done.
[VCMM] Computing Lipschitz constants ...done. (La=0, Lb=0.0391778)
[VCMM] Computing penalty weights for adaptive SGL ...done.
[VCMM] Computing maximum regularization parameter 
       done. (lambda max: 0.0302685)
[VCMM] Starting lambda loop ...
0%   10   20   30   40   50   60   70   80   90   100%
[----|----|----|----|----|----|----|----|----|----|
**************************************************|
       ... done.
[VCMM] Setting kernel scale to 0.795326 (Iteration 6/20)...done.
[VCMM] Computing Lipschitz constants ...done. (La=0, Lb=0.0734766)
[VCMM] Computing penalty weights for adaptive SGL ...done.
[VCMM] Computing maximum regularization parameter 
       done. (lambda max: 0.0542784)
[VCMM] Starting lambda loop ...
0%   10   20   30   40   50   60   70   80   90   100%
[----|----|----|----|----|----|----|----|----|----|
**************************************************|
       ... done.
[VCMM] Setting kernel scale to 0.62414 (Iteration 7/20)...done.
[VCMM] Computing Lipschitz constants ...done. (La=0, Lb=0.144492)
[VCMM] Computing penalty weights for adaptive SGL ...done.
[VCMM] Computing maximum regularization parameter 
       done. (lambda max: 0.088583)
[VCMM] Starting lambda loop ...
0%   10   20   30   40   50   60   70   80   90   100%
[----|----|----|----|----|----|----|----|----|----|
**************************************************|
       ... done.
[VCMM] Setting kernel scale to 0.4898 (Iteration 8/20)...done.
[VCMM] Computing Lipschitz constants ...done. (La=0, Lb=0.259673)
[VCMM] Computing penalty weights for adaptive SGL ...done.
[VCMM] Computing maximum regularization parameter 
       done. (lambda max: 0.137155)
[VCMM] Starting lambda loop ...
0%   10   20   30   40   50   60   70   80   90   100%
[----|----|----|----|----|----|----|----|----|----|
**************************************************|
       ... done.
[VCMM] Setting kernel scale to 0.384375 (Iteration 9/20)...done.
[VCMM] Computing Lipschitz constants ...done. (La=0, Lb=0.411756)
[VCMM] Computing penalty weights for adaptive SGL ...done.
[VCMM] Computing maximum regularization parameter 
       done. (lambda max: 0.203165)
[VCMM] Starting lambda loop ...
0%   10   20   30   40   50   60   70   80   90   100%
[----|----|----|----|----|----|----|----|----|----|
**************************************************|
       ... done.
[VCMM] Setting kernel scale to 0.301642 (Iteration 10/20)...done.
[VCMM] Computing Lipschitz constants ...done. (La=0, Lb=0.615471)
[VCMM] Computing penalty weights for adaptive SGL ...done.
[VCMM] Computing maximum regularization parameter 
       done. (lambda max: 0.282529)
[VCMM] Starting lambda loop ...
0%   10   20   30   40   50   60   70   80   90   100%
[----|----|----|----|----|----|----|----|----|----|
**************************************************|
       ... done.
[VCMM] Setting kernel scale to 0.236717 (Iteration 11/20)...done.
[VCMM] Computing Lipschitz constants ...done. (La=0, Lb=0.822664)
[VCMM] Computing penalty weights for adaptive SGL ...done.
[VCMM] Computing maximum regularization parameter 
       done. (lambda max: 0.366912)
[VCMM] Starting lambda loop ...
0%   10   20   30   40   50   60   70   80   90   100%
[----|----|----|----|----|----|----|----|----|----|
**************************************************|
       ... done.
[VCMM] Setting kernel scale to 0.185766 (Iteration 12/20)...done.
[VCMM] Computing Lipschitz constants ...done. (La=0, Lb=1.02067)
[VCMM] Computing penalty weights for adaptive SGL ...done.
[VCMM] Computing maximum regularization parameter 
       done. (lambda max: 0.459565)
[VCMM] Starting lambda loop ...
0%   10   20   30   40   50   60   70   80   90   100%
[----|----|----|----|----|----|----|----|----|----|
**************************************************|
       ... done.
[VCMM] Setting kernel scale to 0.145782 (Iteration 13/20)...done.
[VCMM] Computing Lipschitz constants ...done. (La=0, Lb=1.20073)
[VCMM] Computing penalty weights for adaptive SGL ...done.
[VCMM] Computing maximum regularization parameter 
       done. (lambda max: 0.552247)
[VCMM] Starting lambda loop ...
0%   10   20   30   40   50   60   70   80   90   100%
[----|----|----|----|----|----|----|----|----|----|
**************************************************|
       ... done.
[VCMM] Setting kernel scale to 0.114404 (Iteration 14/20)...done.
[VCMM] Computing Lipschitz constants ...done. (La=0, Lb=1.35887)
[VCMM] Computing penalty weights for adaptive SGL ...done.
[VCMM] Computing maximum regularization parameter 
       done. (lambda max: 0.63851)
[VCMM] Starting lambda loop ...
0%   10   20   30   40   50   60   70   80   90   100%
[----|----|----|----|----|----|----|----|----|----|
**************************************************|
       ... done.
[VCMM] Setting kernel scale to 0.0897794 (Iteration 15/20)...done.
[VCMM] Computing Lipschitz constants ...done. (La=0, Lb=1.53194)
[VCMM] Computing penalty weights for adaptive SGL ...done.
[VCMM] Computing maximum regularization parameter 
       done. (lambda max: 0.739946)
[VCMM] Starting lambda loop ...
0%   10   20   30   40   50   60   70   80   90   100%
[----|----|----|----|----|----|----|----|----|----|
**************************************************|
       ... done.
[VCMM] Setting kernel scale to 0.0704553 (Iteration 16/20)...done.
[VCMM] Computing Lipschitz constants ...done. (La=0, Lb=1.73271)
[VCMM] Computing penalty weights for adaptive SGL ...done.
[VCMM] Computing maximum regularization parameter 
       done. (lambda max: 0.862529)
[VCMM] Starting lambda loop ...
0%   10   20   30   40   50   60   70   80   90   100%
[----|----|----|----|----|----|----|----|----|----|
**************************************************|
       ... done.
[VCMM] Setting kernel scale to 0.0552905 (Iteration 17/20)...done.
[VCMM] Computing Lipschitz constants ...done. (La=0, Lb=2.05122)
[VCMM] Computing penalty weights for adaptive SGL ...done.
[VCMM] Computing maximum regularization parameter 
       done. (lambda max: 1.04463)
[VCMM] Starting lambda loop ...
0%   10   20   30   40   50   60   70   80   90   100%
[----|----|----|----|----|----|----|----|----|----|
**************************************************|
       ... done.
[VCMM] Setting kernel scale to 0.0433897 (Iteration 18/20)...done.
[VCMM] Computing Lipschitz constants ...done. (La=0, Lb=2.60404)
[VCMM] Computing penalty weights for adaptive SGL ...done.
[VCMM] Computing maximum regularization parameter 
       done. (lambda max: 1.32492)
[VCMM] Starting lambda loop ...
0%   10   20   30   40   50   60   70   80   90   100%
[----|----|----|----|----|----|----|----|----|----|
**************************************************|
       ... done.
[VCMM] Setting kernel scale to 0.0340505 (Iteration 19/20)...done.
[VCMM] Computing Lipschitz constants ...done. (La=0, Lb=3.33365)
[VCMM] Computing penalty weights for adaptive SGL ...done.
[VCMM] Computing maximum regularization parameter 
       done. (lambda max: 1.69906)
[VCMM] Starting lambda loop ...
0%   10   20   30   40   50   60   70   80   90   100%
[----|----|----|----|----|----|----|----|----|----|
**************************************************|
       ... done.
[VCMM] Setting kernel scale to 0.0267215 (Iteration 20/20)...done.
[VCMM] Computing Lipschitz constants ...done. (La=0, Lb=4.31005)
[VCMM] Computing penalty weights for adaptive SGL ...done.
[VCMM] Computing maximum regularization parameter 
       done. (lambda max: 2.17131)
[VCMM] Starting lambda loop ...
0%   10   20   30   40   50   60   70   80   90   100%
[----|----|----|----|----|----|----|----|----|----|
**************************************************|
       ... done.
[VCMMBoot] Initializing data and models ...done.
[VCMMBoot] Starting bootstrap loop ...
0%   10   20   30   40   50   60   70   80   90   100%
[----|----|----|----|----|----|----|----|----|----|
**************************************************|
done.

### [bt]: Job terminated successfully [batchtools job.id=326]
### [bt]: Calculation finished!
