### [bt]: This is batchtools v0.9.17
### [bt]: Starting calculation of 1 jobs
### [bt]: Setting working directory to '/home/simon/Documents/VCM-Experiments'
### [bt]: Memory measurement disabled
### [bt]: Starting job [batchtools job.id=428]
### [bt]: Generating problem instance for problem 'synthetic' ...
### [bt]: Applying algorithm 'LSVCMM' on problem 'synthetic' for job 428 (seed = 429) ...
[VCMM] Initializing data and models ...done.
[VCMM] Computing penalty weights for adaptive SGL ...done.
[VCMM] Setting kernel scale to 2.67215 (Iteration 1/20)...done.
[VCMM] Computing Lipschitz constants ...done. (La=0, Lb=0.010624)
[VCMM] Computing penalty weights for adaptive SGL ...done.
[VCMM] Computing maximum regularization parameter 
       done. (lambda max: 0.00255436)
[VCMM] Starting lambda loop ...
0%   10   20   30   40   50   60   70   80   90   100%
[----|----|----|----|----|----|----|----|----|----|
**************************************************|
       ... done.
[VCMM] Setting kernel scale to 2.097 (Iteration 2/20)...done.
[VCMM] Computing Lipschitz constants ...done. (La=0, Lb=0.013363)
[VCMM] Computing penalty weights for adaptive SGL ...done.
[VCMM] Computing maximum regularization parameter 
       done. (lambda max: 0.00480652)
[VCMM] Starting lambda loop ...
0%   10   20   30   40   50   60   70   80   90   100%
[----|----|----|----|----|----|----|----|----|----|
**************************************************|
       ... done.
[VCMM] Setting kernel scale to 1.64564 (Iteration 3/20)...done.
[VCMM] Computing Lipschitz constants ...done. (La=0, Lb=0.0180008)
[VCMM] Computing penalty weights for adaptive SGL ...done.
[VCMM] Computing maximum regularization parameter 
       done. (lambda max: 0.00976923)
[VCMM] Starting lambda loop ...
0%   10   20   30   40   50   60   70   80   90   100%
[----|----|----|----|----|----|----|----|----|----|
**************************************************|
       ... done.
[VCMM] Setting kernel scale to 1.29143 (Iteration 4/20)...done.
[VCMM] Computing Lipschitz constants ...done. (La=0, Lb=0.0261052)
[VCMM] Computing penalty weights for adaptive SGL ...done.
[VCMM] Computing maximum regularization parameter 
       done. (lambda max: 0.0203393)
[VCMM] Starting lambda loop ...
0%   10   20   30   40   50   60   70   80   90   100%
[----|----|----|----|----|----|----|----|----|----|
**************************************************|
       ... done.
[VCMM] Setting kernel scale to 1.01346 (Iteration 5/20)...done.
[VCMM] Computing Lipschitz constants ...done. (La=0, Lb=0.0432642)
[VCMM] Computing penalty weights for adaptive SGL ...done.
[VCMM] Computing maximum regularization parameter 
       done. (lambda max: 0.0399142)
[VCMM] Starting lambda loop ...
0%   10   20   30   40   50   60   70   80   90   100%
[----|----|----|----|----|----|----|----|----|----|
**************************************************|
       ... done.
[VCMM] Setting kernel scale to 0.795326 (Iteration 6/20)...done.
[VCMM] Computing Lipschitz constants ...done. (La=0, Lb=0.0813387)
[VCMM] Computing penalty weights for adaptive SGL ...done.
[VCMM] Computing maximum regularization parameter 
       done. (lambda max: 0.0702555)
[VCMM] Starting lambda loop ...
0%   10   20   30   40   50   60   70   80   90   100%
[----|----|----|----|----|----|----|----|----|----|
**************************************************|
       ... done.
[VCMM] Setting kernel scale to 0.62414 (Iteration 7/20)...done.
[VCMM] Computing Lipschitz constants ...done. (La=0, Lb=0.157251)
[VCMM] Computing penalty weights for adaptive SGL ...done.
[VCMM] Computing maximum regularization parameter 
       done. (lambda max: 0.112208)
[VCMM] Starting lambda loop ...
0%   10   20   30   40   50   60   70   80   90   100%
[----|----|----|----|----|----|----|----|----|----|
**************************************************|
       ... done.
[VCMM] Setting kernel scale to 0.4898 (Iteration 8/20)...done.
[VCMM] Computing Lipschitz constants ...done. (La=0, Lb=0.289008)
[VCMM] Computing penalty weights for adaptive SGL ...done.
[VCMM] Computing maximum regularization parameter 
       done. (lambda max: 0.16721)
[VCMM] Starting lambda loop ...
0%   10   20   30   40   50   60   70   80   90   100%
[----|----|----|----|----|----|----|----|----|----|
**************************************************|
       ... done.
[VCMM] Setting kernel scale to 0.384375 (Iteration 9/20)...done.
[VCMM] Computing Lipschitz constants ...done. (La=0, Lb=0.456157)
[VCMM] Computing penalty weights for adaptive SGL ...done.
[VCMM] Computing maximum regularization parameter 
       done. (lambda max: 0.235303)
[VCMM] Starting lambda loop ...
0%   10   20   30   40   50   60   70   80   90   100%
[----|----|----|----|----|----|----|----|----|----|
**************************************************|
       ... done.
[VCMM] Setting kernel scale to 0.301642 (Iteration 10/20)...done.
[VCMM] Computing Lipschitz constants ...done. (La=0, Lb=0.680695)
[VCMM] Computing penalty weights for adaptive SGL ...done.
[VCMM] Computing maximum regularization parameter 
       done. (lambda max: 0.316084)
[VCMM] Starting lambda loop ...
0%   10   20   30   40   50   60   70   80   90   100%
[----|----|----|----|----|----|----|----|----|----|
**************************************************|
       ... done.
[VCMM] Setting kernel scale to 0.236717 (Iteration 11/20)...done.
[VCMM] Computing Lipschitz constants ...done. (La=0, Lb=0.914101)
[VCMM] Computing penalty weights for adaptive SGL ...done.
[VCMM] Computing maximum regularization parameter 
       done. (lambda max: 0.410377)
[VCMM] Starting lambda loop ...
0%   10   20   30   40   50   60   70   80   90   100%
[----|----|----|----|----|----|----|----|----|----|
**************************************************|
       ... done.
[VCMM] Setting kernel scale to 0.185766 (Iteration 12/20)...done.
[VCMM] Computing Lipschitz constants ...done. (La=0, Lb=1.126)
[VCMM] Computing penalty weights for adaptive SGL ...done.
[VCMM] Computing maximum regularization parameter 
       done. (lambda max: 0.514892)
[VCMM] Starting lambda loop ...
0%   10   20   30   40   50   60   70   80   90   100%
[----|----|----|----|----|----|----|----|----|----|
**************************************************|
       ... done.
[VCMM] Setting kernel scale to 0.145782 (Iteration 13/20)...done.
[VCMM] Computing Lipschitz constants ...done. (La=0, Lb=1.32858)
[VCMM] Computing penalty weights for adaptive SGL ...done.
[VCMM] Computing maximum regularization parameter 
       done. (lambda max: 0.623177)
[VCMM] Starting lambda loop ...
0%   10   20   30   40   50   60   70   80   90   100%
[----|----|----|----|----|----|----|----|----|----|
**************************************************|
       ... done.
[VCMM] Setting kernel scale to 0.114404 (Iteration 14/20)...done.
[VCMM] Computing Lipschitz constants ...done. (La=0, Lb=1.50136)
[VCMM] Computing penalty weights for adaptive SGL ...done.
[VCMM] Computing maximum regularization parameter 
       done. (lambda max: 0.740461)
[VCMM] Starting lambda loop ...
0%   10   20   30   40   50   60   70   80   90   100%
[----|----|----|----|----|----|----|----|----|----|
**************************************************|
       ... done.
[VCMM] Setting kernel scale to 0.0897794 (Iteration 15/20)...done.
[VCMM] Computing Lipschitz constants ...done. (La=0, Lb=1.64167)
[VCMM] Computing penalty weights for adaptive SGL ...done.
[VCMM] Computing maximum regularization parameter 
       done. (lambda max: 0.878456)
[VCMM] Starting lambda loop ...
0%   10   20   30   40   50   60   70   80   90   100%
[----|----|----|----|----|----|----|----|----|----|
**************************************************|
       ... done.
[VCMM] Setting kernel scale to 0.0704553 (Iteration 16/20)...done.
[VCMM] Computing Lipschitz constants ...done. (La=0, Lb=1.87135)
[VCMM] Computing penalty weights for adaptive SGL ...done.
[VCMM] Computing maximum regularization parameter 
       done. (lambda max: 1.05263)
[VCMM] Starting lambda loop ...
0%   10   20   30   40   50   60   70   80   90   100%
[----|----|----|----|----|----|----|----|----|----|
**************************************************|
       ... done.
[VCMM] Setting kernel scale to 0.0552905 (Iteration 17/20)...done.
[VCMM] Computing Lipschitz constants ...done. (La=0, Lb=2.21538)
[VCMM] Computing penalty weights for adaptive SGL ...done.
[VCMM] Computing maximum regularization parameter 
       done. (lambda max: 1.2998)
[VCMM] Starting lambda loop ...
0%   10   20   30   40   50   60   70   80   90   100%
[----|----|----|----|----|----|----|----|----|----|
**************************************************|
       ... done.
[VCMM] Setting kernel scale to 0.0433897 (Iteration 18/20)...done.
[VCMM] Computing Lipschitz constants ...done. (La=0, Lb=2.81462)
[VCMM] Computing penalty weights for adaptive SGL ...done.
[VCMM] Computing maximum regularization parameter 
       done. (lambda max: 1.65515)
[VCMM] Starting lambda loop ...
0%   10   20   30   40   50   60   70   80   90   100%
[----|----|----|----|----|----|----|----|----|----|
**************************************************|
       ... done.
[VCMM] Setting kernel scale to 0.0340505 (Iteration 19/20)...done.
[VCMM] Computing Lipschitz constants ...done. (La=0, Lb=3.64092)
[VCMM] Computing penalty weights for adaptive SGL ...done.
[VCMM] Computing maximum regularization parameter 
       done. (lambda max: 2.12439)
[VCMM] Starting lambda loop ...
0%   10   20   30   40   50   60   70   80   90   100%
[----|----|----|----|----|----|----|----|----|----|
**************************************************|
       ... done.
[VCMM] Setting kernel scale to 0.0267215 (Iteration 20/20)...done.
[VCMM] Computing Lipschitz constants ...done. (La=0, Lb=4.66119)
[VCMM] Computing penalty weights for adaptive SGL ...done.
[VCMM] Computing maximum regularization parameter 
       done. (lambda max: 2.71198)
[VCMM] Starting lambda loop ...
0%   10   20   30   40   50   60   70   80   90   100%
[----|----|----|----|----|----|----|----|----|----|
**************************************************|
       ... done.
[VCMMBoot] Initializing data and models ...done.
[VCMMBoot] Starting bootstrap loop ...
0%   10   20   30   40   50   60   70   80   90   100%
[----|----|----|----|----|----|----|----|----|----|
**************************************************|
done.

### [bt]: Job terminated successfully [batchtools job.id=428]
### [bt]: Calculation finished!
