### [bt]: This is batchtools v0.9.17
### [bt]: Starting calculation of 1 jobs
### [bt]: Setting working directory to '/home/simon/Documents/VCM-Experiments'
### [bt]: Memory measurement disabled
### [bt]: Starting job [batchtools job.id=153]
### [bt]: Generating problem instance for problem 'synthetic' ...
### [bt]: Applying algorithm 'LSVCMM' on problem 'synthetic' for job 153 (seed = 154) ...
[VCMM] Initializing data and models ...done.
[VCMM] Computing penalty weights for adaptive SGL ...done.
[VCMM] Setting kernel scale to 2.67215 (Iteration 1/20)...done.
[VCMM] Computing Lipschitz constants ...done. (La=0, Lb=0.0100522)
[VCMM] Computing penalty weights for adaptive SGL ...done.
[VCMM] Computing maximum regularization parameter 
       done. (lambda max: 0.000166326)
[VCMM] Starting lambda loop ...
0%   10   20   30   40   50   60   70   80   90   100%
[----|----|----|----|----|----|----|----|----|----|
**************************************************|
       ... done.
[VCMM] Setting kernel scale to 2.097 (Iteration 2/20)...done.
[VCMM] Computing Lipschitz constants ...done. (La=0, Lb=0.0127708)
[VCMM] Computing penalty weights for adaptive SGL ...done.
[VCMM] Computing maximum regularization parameter 
       done. (lambda max: 0.000220733)
[VCMM] Starting lambda loop ...
0%   10   20   30   40   50   60   70   80   90   100%
[----|----|----|----|----|----|----|----|----|----|
**************************************************|
       ... done.
[VCMM] Setting kernel scale to 1.64564 (Iteration 3/20)...done.
[VCMM] Computing Lipschitz constants ...done. (La=0, Lb=0.0169922)
[VCMM] Computing penalty weights for adaptive SGL ...done.
[VCMM] Computing maximum regularization parameter 
       done. (lambda max: 0.000289738)
[VCMM] Starting lambda loop ...
0%   10   20   30   40   50   60   70   80   90   100%
[----|----|----|----|----|----|----|----|----|----|
**************************************************|
       ... done.
[VCMM] Setting kernel scale to 1.29143 (Iteration 4/20)...done.
[VCMM] Computing Lipschitz constants ...done. (La=0, Lb=0.0245451)
[VCMM] Computing penalty weights for adaptive SGL ...done.
[VCMM] Computing maximum regularization parameter 
       done. (lambda max: 0.000384284)
[VCMM] Starting lambda loop ...
0%   10   20   30   40   50   60   70   80   90   100%
[----|----|----|----|----|----|----|----|----|----|
**************************************************|
       ... done.
[VCMM] Setting kernel scale to 1.01346 (Iteration 5/20)...done.
[VCMM] Computing Lipschitz constants ...done. (La=0, Lb=0.040201)
[VCMM] Computing penalty weights for adaptive SGL ...done.
[VCMM] Computing maximum regularization parameter 
       done. (lambda max: 0.000517644)
[VCMM] Starting lambda loop ...
0%   10   20   30   40   50   60   70   80   90   100%
[----|----|----|----|----|----|----|----|----|----|
**************************************************|
       ... done.
[VCMM] Setting kernel scale to 0.795326 (Iteration 6/20)...done.
[VCMM] Computing Lipschitz constants ...done. (La=0, Lb=0.0754789)
[VCMM] Computing penalty weights for adaptive SGL ...done.
[VCMM] Computing maximum regularization parameter 
       done. (lambda max: 0.000731809)
[VCMM] Starting lambda loop ...
0%   10   20   30   40   50   60   70   80   90   100%
[----|----|----|----|----|----|----|----|----|----|
**************************************************|
       ... done.
[VCMM] Setting kernel scale to 0.62414 (Iteration 7/20)...done.
[VCMM] Computing Lipschitz constants ...done. (La=0, Lb=0.148667)
[VCMM] Computing penalty weights for adaptive SGL ...done.
[VCMM] Computing maximum regularization parameter 
       done. (lambda max: 0.00120537)
[VCMM] Starting lambda loop ...
0%   10   20   30   40   50   60   70   80   90   100%
[----|----|----|----|----|----|----|----|----|----|
**************************************************|
       ... done.
[VCMM] Setting kernel scale to 0.4898 (Iteration 8/20)...done.
[VCMM] Computing Lipschitz constants ...done. (La=0, Lb=0.269975)
[VCMM] Computing penalty weights for adaptive SGL ...done.
[VCMM] Computing maximum regularization parameter 
       done. (lambda max: 0.0023283)
[VCMM] Starting lambda loop ...
0%   10   20   30   40   50   60   70   80   90   100%
[----|----|----|----|----|----|----|----|----|----|
**************************************************|
       ... done.
[VCMM] Setting kernel scale to 0.384375 (Iteration 9/20)...done.
[VCMM] Computing Lipschitz constants ...done. (La=0, Lb=0.432576)
[VCMM] Computing penalty weights for adaptive SGL ...done.
[VCMM] Computing maximum regularization parameter 
       done. (lambda max: 0.00477858)
[VCMM] Starting lambda loop ...
0%   10   20   30   40   50   60   70   80   90   100%
[----|----|----|----|----|----|----|----|----|----|
**************************************************|
       ... done.
[VCMM] Setting kernel scale to 0.301642 (Iteration 10/20)...done.
[VCMM] Computing Lipschitz constants ...done. (La=0, Lb=0.632354)
[VCMM] Computing penalty weights for adaptive SGL ...done.
[VCMM] Computing maximum regularization parameter 
       done. (lambda max: 0.00904056)
[VCMM] Starting lambda loop ...
0%   10   20   30   40   50   60   70   80   90   100%
[----|----|----|----|----|----|----|----|----|----|
**************************************************|
       ... done.
[VCMM] Setting kernel scale to 0.236717 (Iteration 11/20)...done.
[VCMM] Computing Lipschitz constants ...done. (La=0, Lb=0.853345)
[VCMM] Computing penalty weights for adaptive SGL ...done.
[VCMM] Computing maximum regularization parameter 
       done. (lambda max: 0.0143028)
[VCMM] Starting lambda loop ...
0%   10   20   30   40   50   60   70   80   90   100%
[----|----|----|----|----|----|----|----|----|----|
**************************************************|
       ... done.
[VCMM] Setting kernel scale to 0.185766 (Iteration 12/20)...done.
[VCMM] Computing Lipschitz constants ...done. (La=0, Lb=1.08121)
[VCMM] Computing penalty weights for adaptive SGL ...done.
[VCMM] Computing maximum regularization parameter 
       done. (lambda max: 0.0193911)
[VCMM] Starting lambda loop ...
0%   10   20   30   40   50   60   70   80   90   100%
[----|----|----|----|----|----|----|----|----|----|
**************************************************|
       ... done.
[VCMM] Setting kernel scale to 0.145782 (Iteration 13/20)...done.
[VCMM] Computing Lipschitz constants ...done. (La=0, Lb=1.28994)
[VCMM] Computing penalty weights for adaptive SGL ...done.
[VCMM] Computing maximum regularization parameter 
       done. (lambda max: 0.0248194)
[VCMM] Starting lambda loop ...
0%   10   20   30   40   50   60   70   80   90   100%
[----|----|----|----|----|----|----|----|----|----|
**************************************************|
       ... done.
[VCMM] Setting kernel scale to 0.114404 (Iteration 14/20)...done.
[VCMM] Computing Lipschitz constants ...done. (La=0, Lb=1.45524)
[VCMM] Computing penalty weights for adaptive SGL ...done.
[VCMM] Computing maximum regularization parameter 
       done. (lambda max: 0.0302823)
[VCMM] Starting lambda loop ...
0%   10   20   30   40   50   60   70   80   90   100%
[----|----|----|----|----|----|----|----|----|----|
**************************************************|
       ... done.
[VCMM] Setting kernel scale to 0.0897794 (Iteration 15/20)...done.
[VCMM] Computing Lipschitz constants ...done. (La=0, Lb=1.61173)
[VCMM] Computing penalty weights for adaptive SGL ...done.
[VCMM] Computing maximum regularization parameter 
       done. (lambda max: 0.0486956)
[VCMM] Starting lambda loop ...
0%   10   20   30   40   50   60   70   80   90   100%
[----|----|----|----|----|----|----|----|----|----|
**************************************************|
       ... done.
[VCMM] Setting kernel scale to 0.0704553 (Iteration 16/20)...done.
[VCMM] Computing Lipschitz constants ...done. (La=0, Lb=1.81507)
[VCMM] Computing penalty weights for adaptive SGL ...done.
[VCMM] Computing maximum regularization parameter 
       done. (lambda max: 0.076058)
[VCMM] Starting lambda loop ...
0%   10   20   30   40   50   60   70   80   90   100%
[----|----|----|----|----|----|----|----|----|----|
**************************************************|
       ... done.
[VCMM] Setting kernel scale to 0.0552905 (Iteration 17/20)...done.
[VCMM] Computing Lipschitz constants ...done. (La=0, Lb=2.18596)
[VCMM] Computing penalty weights for adaptive SGL ...done.
[VCMM] Computing maximum regularization parameter 
       done. (lambda max: 0.112018)
[VCMM] Starting lambda loop ...
0%   10   20   30   40   50   60   70   80   90   100%
[----|----|----|----|----|----|----|----|----|----|
**************************************************|
       ... done.
[VCMM] Setting kernel scale to 0.0433897 (Iteration 18/20)...done.
[VCMM] Computing Lipschitz constants ...done. (La=0, Lb=2.75299)
[VCMM] Computing penalty weights for adaptive SGL ...done.
[VCMM] Computing maximum regularization parameter 
       done. (lambda max: 0.150963)
[VCMM] Starting lambda loop ...
0%   10   20   30   40   50   60   70   80   90   100%
[----|----|----|----|----|----|----|----|----|----|
**************************************************|
       ... done.
[VCMM] Setting kernel scale to 0.0340505 (Iteration 19/20)...done.
[VCMM] Computing Lipschitz constants ...done. (La=0, Lb=3.59394)
[VCMM] Computing penalty weights for adaptive SGL ...done.
[VCMM] Computing maximum regularization parameter 
       done. (lambda max: 0.193727)
[VCMM] Starting lambda loop ...
0%   10   20   30   40   50   60   70   80   90   100%
[----|----|----|----|----|----|----|----|----|----|
**************************************************|
       ... done.
[VCMM] Setting kernel scale to 0.0267215 (Iteration 20/20)...done.
[VCMM] Computing Lipschitz constants ...done. (La=0, Lb=4.55421)
[VCMM] Computing penalty weights for adaptive SGL ...done.
[VCMM] Computing maximum regularization parameter 
       done. (lambda max: 0.246972)
[VCMM] Starting lambda loop ...
0%   10   20   30   40   50   60   70   80   90   100%
[----|----|----|----|----|----|----|----|----|----|
**************************************************|
       ... done.
[VCMMBoot] Initializing data and models ...done.
[VCMMBoot] Starting bootstrap loop ...
0%   10   20   30   40   50   60   70   80   90   100%
[----|----|----|----|----|----|----|----|----|----|
**************************************************|
done.

### [bt]: Job terminated successfully [batchtools job.id=153]
### [bt]: Calculation finished!
