### [bt]: This is batchtools v0.9.17
### [bt]: Starting calculation of 1 jobs
### [bt]: Setting working directory to '/home/simon/Documents/VCM-Experiments'
### [bt]: Memory measurement disabled
### [bt]: Starting job [batchtools job.id=48]
### [bt]: Generating problem instance for problem 'synthetic' ...
### [bt]: Applying algorithm 'LSVCMM' on problem 'synthetic' for job 48 (seed = 49) ...
[VCMM] Initializing data and models ...done.
[VCMM] Computing penalty weights for adaptive SGL ...done.
[VCMM] Setting kernel scale to 2.67215 (Iteration 1/20)...done.
[VCMM] Computing Lipschitz constants ...done. (La=0, Lb=0.00987873)
[VCMM] Computing penalty weights for adaptive SGL ...done.
[VCMM] Computing maximum regularization parameter 
       done. (lambda max: 0.000468705)
[VCMM] Starting lambda loop ...
0%   10   20   30   40   50   60   70   80   90   100%
[----|----|----|----|----|----|----|----|----|----|
**************************************************|
       ... done.
[VCMM] Setting kernel scale to 2.097 (Iteration 2/20)...done.
[VCMM] Computing Lipschitz constants ...done. (La=0, Lb=0.0125759)
[VCMM] Computing penalty weights for adaptive SGL ...done.
[VCMM] Computing maximum regularization parameter 
       done. (lambda max: 0.000693091)
[VCMM] Starting lambda loop ...
0%   10   20   30   40   50   60   70   80   90   100%
[----|----|----|----|----|----|----|----|----|----|
**************************************************|
       ... done.
[VCMM] Setting kernel scale to 1.64564 (Iteration 3/20)...done.
[VCMM] Computing Lipschitz constants ...done. (La=0, Lb=0.0167728)
[VCMM] Computing penalty weights for adaptive SGL ...done.
[VCMM] Computing maximum regularization parameter 
       done. (lambda max: 0.00108593)
[VCMM] Starting lambda loop ...
0%   10   20   30   40   50   60   70   80   90   100%
[----|----|----|----|----|----|----|----|----|----|
**************************************************|
       ... done.
[VCMM] Setting kernel scale to 1.29143 (Iteration 4/20)...done.
[VCMM] Computing Lipschitz constants ...done. (La=0, Lb=0.0242939)
[VCMM] Computing penalty weights for adaptive SGL ...done.
[VCMM] Computing maximum regularization parameter 
       done. (lambda max: 0.00185382)
[VCMM] Starting lambda loop ...
0%   10   20   30   40   50   60   70   80   90   100%
[----|----|----|----|----|----|----|----|----|----|
**************************************************|
       ... done.
[VCMM] Setting kernel scale to 1.01346 (Iteration 5/20)...done.
[VCMM] Computing Lipschitz constants ...done. (La=0, Lb=0.0397563)
[VCMM] Computing penalty weights for adaptive SGL ...done.
[VCMM] Computing maximum regularization parameter 
       done. (lambda max: 0.00336207)
[VCMM] Starting lambda loop ...
0%   10   20   30   40   50   60   70   80   90   100%
[----|----|----|----|----|----|----|----|----|----|
**************************************************|
       ... done.
[VCMM] Setting kernel scale to 0.795326 (Iteration 6/20)...done.
[VCMM] Computing Lipschitz constants ...done. (La=0, Lb=0.0745457)
[VCMM] Computing penalty weights for adaptive SGL ...done.
[VCMM] Computing maximum regularization parameter 
       done. (lambda max: 0.00624089)
[VCMM] Starting lambda loop ...
0%   10   20   30   40   50   60   70   80   90   100%
[----|----|----|----|----|----|----|----|----|----|
**************************************************|
       ... done.
[VCMM] Setting kernel scale to 0.62414 (Iteration 7/20)...done.
[VCMM] Computing Lipschitz constants ...done. (La=0, Lb=0.145426)
[VCMM] Computing penalty weights for adaptive SGL ...done.
[VCMM] Computing maximum regularization parameter 
       done. (lambda max: 0.0112949)
[VCMM] Starting lambda loop ...
0%   10   20   30   40   50   60   70   80   90   100%
[----|----|----|----|----|----|----|----|----|----|
**************************************************|
       ... done.
[VCMM] Setting kernel scale to 0.4898 (Iteration 8/20)...done.
[VCMM] Computing Lipschitz constants ...done. (La=0, Lb=0.267402)
[VCMM] Computing penalty weights for adaptive SGL ...done.
[VCMM] Computing maximum regularization parameter 
       done. (lambda max: 0.0189564)
[VCMM] Starting lambda loop ...
0%   10   20   30   40   50   60   70   80   90   100%
[----|----|----|----|----|----|----|----|----|----|
**************************************************|
       ... done.
[VCMM] Setting kernel scale to 0.384375 (Iteration 9/20)...done.
[VCMM] Computing Lipschitz constants ...done. (La=0, Lb=0.424469)
[VCMM] Computing penalty weights for adaptive SGL ...done.
[VCMM] Computing maximum regularization parameter 
       done. (lambda max: 0.0309805)
[VCMM] Starting lambda loop ...
0%   10   20   30   40   50   60   70   80   90   100%
[----|----|----|----|----|----|----|----|----|----|
**************************************************|
       ... done.
[VCMM] Setting kernel scale to 0.301642 (Iteration 10/20)...done.
[VCMM] Computing Lipschitz constants ...done. (La=0, Lb=0.624677)
[VCMM] Computing penalty weights for adaptive SGL ...done.
[VCMM] Computing maximum regularization parameter 
       done. (lambda max: 0.0459394)
[VCMM] Starting lambda loop ...
0%   10   20   30   40   50   60   70   80   90   100%
[----|----|----|----|----|----|----|----|----|----|
**************************************************|
       ... done.
[VCMM] Setting kernel scale to 0.236717 (Iteration 11/20)...done.
[VCMM] Computing Lipschitz constants ...done. (La=0, Lb=0.845899)
[VCMM] Computing penalty weights for adaptive SGL ...done.
[VCMM] Computing maximum regularization parameter 
       done. (lambda max: 0.0638546)
[VCMM] Starting lambda loop ...
0%   10   20   30   40   50   60   70   80   90   100%
[----|----|----|----|----|----|----|----|----|----|
**************************************************|
       ... done.
[VCMM] Setting kernel scale to 0.185766 (Iteration 12/20)...done.
[VCMM] Computing Lipschitz constants ...done. (La=0, Lb=1.0472)
[VCMM] Computing penalty weights for adaptive SGL ...done.
[VCMM] Computing maximum regularization parameter 
       done. (lambda max: 0.083113)
[VCMM] Starting lambda loop ...
0%   10   20   30   40   50   60   70   80   90   100%
[----|----|----|----|----|----|----|----|----|----|
**************************************************|
       ... done.
[VCMM] Setting kernel scale to 0.145782 (Iteration 13/20)...done.
[VCMM] Computing Lipschitz constants ...done. (La=0, Lb=1.21263)
[VCMM] Computing penalty weights for adaptive SGL ...done.
[VCMM] Computing maximum regularization parameter 
       done. (lambda max: 0.1046)
[VCMM] Starting lambda loop ...
0%   10   20   30   40   50   60   70   80   90   100%
[----|----|----|----|----|----|----|----|----|----|
**************************************************|
       ... done.
[VCMM] Setting kernel scale to 0.114404 (Iteration 14/20)...done.
[VCMM] Computing Lipschitz constants ...done. (La=0, Lb=1.39222)
[VCMM] Computing penalty weights for adaptive SGL ...done.
[VCMM] Computing maximum regularization parameter 
       done. (lambda max: 0.131486)
[VCMM] Starting lambda loop ...
0%   10   20   30   40   50   60   70   80   90   100%
[----|----|----|----|----|----|----|----|----|----|
**************************************************|
       ... done.
[VCMM] Setting kernel scale to 0.0897794 (Iteration 15/20)...done.
[VCMM] Computing Lipschitz constants ...done. (La=0, Lb=1.57645)
[VCMM] Computing penalty weights for adaptive SGL ...done.
[VCMM] Computing maximum regularization parameter 
       done. (lambda max: 0.175838)
[VCMM] Starting lambda loop ...
0%   10   20   30   40   50   60   70   80   90   100%
[----|----|----|----|----|----|----|----|----|----|
**************************************************|
       ... done.
[VCMM] Setting kernel scale to 0.0704553 (Iteration 16/20)...done.
[VCMM] Computing Lipschitz constants ...done. (La=0, Lb=1.79495)
[VCMM] Computing penalty weights for adaptive SGL ...done.
[VCMM] Computing maximum regularization parameter 
       done. (lambda max: 0.240277)
[VCMM] Starting lambda loop ...
0%   10   20   30   40   50   60   70   80   90   100%
[----|----|----|----|----|----|----|----|----|----|
**************************************************|
       ... done.
[VCMM] Setting kernel scale to 0.0552905 (Iteration 17/20)...done.
[VCMM] Computing Lipschitz constants ...done. (La=0, Lb=2.12484)
[VCMM] Computing penalty weights for adaptive SGL ...done.
[VCMM] Computing maximum regularization parameter 
       done. (lambda max: 0.328581)
[VCMM] Starting lambda loop ...
0%   10   20   30   40   50   60   70   80   90   100%
[----|----|----|----|----|----|----|----|----|----|
**************************************************|
       ... done.
[VCMM] Setting kernel scale to 0.0433897 (Iteration 18/20)...done.
[VCMM] Computing Lipschitz constants ...done. (La=0, Lb=2.67622)
[VCMM] Computing penalty weights for adaptive SGL ...done.
[VCMM] Computing maximum regularization parameter 
       done. (lambda max: 0.438363)
[VCMM] Starting lambda loop ...
0%   10   20   30   40   50   60   70   80   90   100%
[----|----|----|----|----|----|----|----|----|----|
**************************************************|
       ... done.
[VCMM] Setting kernel scale to 0.0340505 (Iteration 19/20)...done.
[VCMM] Computing Lipschitz constants ...done. (La=0, Lb=3.46496)
[VCMM] Computing penalty weights for adaptive SGL ...done.
[VCMM] Computing maximum regularization parameter 
       done. (lambda max: 0.569583)
[VCMM] Starting lambda loop ...
0%   10   20   30   40   50   60   70   80   90   100%
[----|----|----|----|----|----|----|----|----|----|
**************************************************|
       ... done.
[VCMM] Setting kernel scale to 0.0267215 (Iteration 20/20)...done.
[VCMM] Computing Lipschitz constants ...done. (La=0, Lb=4.48125)
[VCMM] Computing penalty weights for adaptive SGL ...done.
[VCMM] Computing maximum regularization parameter 
       done. (lambda max: 0.729193)
[VCMM] Starting lambda loop ...
0%   10   20   30   40   50   60   70   80   90   100%
[----|----|----|----|----|----|----|----|----|----|
**************************************************|
       ... done.
[VCMMBoot] Initializing data and models ...done.
[VCMMBoot] Starting bootstrap loop ...
0%   10   20   30   40   50   60   70   80   90   100%
[----|----|----|----|----|----|----|----|----|----|
**************************************************|
done.

### [bt]: Job terminated successfully [batchtools job.id=48]
### [bt]: Calculation finished!
